<?xml version="1.0" encoding="UTF-8"?>
<!-- Generated by org.testng.reporters.JUnitXMLReporter -->
<testsuite hostname="mac-kdas.local" ignored="0" name="Default test" tests="4" failures="0" timestamp="22 Feb 2019 10:55:38 GMT" time="174.164" errors="0">
  <testcase name="test001Userregistration" time="72.644" classname="testcases.SampleSelendroidTestSuits"/>
  <testcase name="test002ProgressBarHandle" time="21.205" classname="testcases.SampleSelendroidTestSuits"/>
  <testcase name="test003PopUpWindowHandle" time="73.509" classname="testcases.SampleSelendroidTestSuits"/>
  <testcase name="test004EndActivity" time="6.506" classname="testcases.SampleSelendroidTestSuits"/>
</testsuite> <!-- Default test -->
